<?xml version="1.0" encoding="UTF-8"?>
<testng-results skipped="0" failed="0" ignored="0" total="1" passed="1">
  <reporter-output>
  </reporter-output>
  <suite name="Default suite" duration-ms="3220" started-at="2021-10-12T13:42:50 AEDT" finished-at="2021-10-12T13:42:53 AEDT">
    <groups>
    </groups>
    <test name="Default test" duration-ms="3220" started-at="2021-10-12T13:42:50 AEDT" finished-at="2021-10-12T13:42:53 AEDT">
      <class name="restAssured.TC_VideoGameAPI">
        <test-method status="PASS" signature="delete_Game()[pri:0, instance:restAssured.TC_VideoGameAPI@528931cf]" name="delete_Game" duration-ms="3145" started-at="2021-10-12T13:42:50 AEDT" finished-at="2021-10-12T13:42:53 AEDT">
          <reporter-output>
          </reporter-output>
        </test-method> <!-- delete_Game -->
      </class> <!-- restAssured.TC_VideoGameAPI -->
    </test> <!-- Default test -->
  </suite> <!-- Default suite -->
</testng-results>
